TRACE::2025-02-04.23:27:44::SCWBifWriter::Found the complete platform C:/Users/qubeck/Documents/Development/ProjektyVitis/TangerineZ7_20/tangerineZ7_20_wrapper/export/tangerineZ7_20_wrapper/tangerineZ7_20_wrapper.xpfm
TRACE::2025-02-04.23:27:44::SCWBifWriter::hardware databse : tangerineZ7_20_wrapper_3
TRACE::2025-02-04.23:27:44::SCWBifWriter::bitstream found in the design
TRACE::2025-02-04.23:27:44::SCWBifWriter::Found a baremetal domain, proc: ps7_cortexa9_0
TRACE::2025-02-04.23:27:44::SCWBifWriter::proc type : 
TRACE::2025-02-04.23:27:44::SCWBifWriter::proc[0] : ps7_cortexa9_0
TRACE::2025-02-04.23:27:44::SCWBifWriter::Device type is : zynq
TRACE::2025-02-04.23:27:44::SCWBifWriter::Writing BIF to file : C:/Users/qubeck/Documents/Development/ProjektyVitis/TangerineZ7_20/tinyRaytracer_system/Debug/system.bif
TRACE::2025-02-04.23:27:44::SCWBifWriter::Writing the Zynq Baremetal bif 
TRACE::2025-02-05.08:49:24::SCWBifWriter::Found the complete platform C:/Users/qubeck/Documents/Development/ProjektyVitis/TangerineZ7_20/tangerineZ7_20_wrapper/export/tangerineZ7_20_wrapper/tangerineZ7_20_wrapper.xpfm
TRACE::2025-02-05.08:49:24::SCWBifWriter::hardware databse : tangerineZ7_20_wrapper_0
TRACE::2025-02-05.08:49:24::SCWBifWriter::bitstream found in the design
TRACE::2025-02-05.08:49:24::SCWBifWriter::Found a baremetal domain, proc: ps7_cortexa9_0
TRACE::2025-02-05.08:49:24::SCWBifWriter::proc type : 
TRACE::2025-02-05.08:49:24::SCWBifWriter::proc[0] : ps7_cortexa9_0
TRACE::2025-02-05.08:49:24::SCWBifWriter::Device type is : zynq
TRACE::2025-02-05.08:49:24::SCWBifWriter::Writing BIF to file : C:/Users/qubeck/Documents/Development/ProjektyVitis/TangerineZ7_20/tinyRaytracer_system/Debug/system.bif
TRACE::2025-02-05.08:49:24::SCWBifWriter::Writing the Zynq Baremetal bif 
TRACE::2025-02-05.21:52:38::SCWBifWriter::Found the complete platform C:/Users/qubeck/Documents/Development/ProjektyVitis/TangerineZ7_20/tangerineZ7_20_wrapper/export/tangerineZ7_20_wrapper/tangerineZ7_20_wrapper.xpfm
TRACE::2025-02-05.21:52:38::SCWBifWriter::hardware databse : tangerineZ7_20_wrapper_0
TRACE::2025-02-05.21:52:38::SCWBifWriter::bitstream found in the design
TRACE::2025-02-05.21:52:38::SCWBifWriter::Found a baremetal domain, proc: ps7_cortexa9_0
TRACE::2025-02-05.21:52:38::SCWBifWriter::proc type : 
TRACE::2025-02-05.21:52:38::SCWBifWriter::proc[0] : ps7_cortexa9_0
TRACE::2025-02-05.21:52:38::SCWBifWriter::Device type is : zynq
TRACE::2025-02-05.21:52:38::SCWBifWriter::Writing BIF to file : C:/Users/qubeck/Documents/Development/ProjektyVitis/TangerineZ7_20/tinyRaytracer_system/Debug/system.bif
TRACE::2025-02-05.21:52:38::SCWBifWriter::Writing the Zynq Baremetal bif 
