TRACE::2025-02-04.23:11:01::SCWBifWriter::Found the complete platform C:/Users/qubeck/Documents/Development/ProjektyVitis/TangerineZ7_20/tangerineZ7_20_wrapper/export/tangerineZ7_20_wrapper/tangerineZ7_20_wrapper.xpfm
TRACE::2025-02-04.23:11:01::SCWBifWriter::hardware databse : tangerineZ7_20_wrapper_3
TRACE::2025-02-04.23:11:01::SCWBifWriter::bitstream found in the design
TRACE::2025-02-04.23:11:01::SCWBifWriter::Found a baremetal domain, proc: ps7_cortexa9_0
TRACE::2025-02-04.23:11:01::SCWBifWriter::proc type : 
TRACE::2025-02-04.23:11:01::SCWBifWriter::proc[0] : ps7_cortexa9_0
TRACE::2025-02-04.23:11:01::SCWBifWriter::Device type is : zynq
TRACE::2025-02-04.23:11:01::SCWBifWriter::Writing BIF to file : C:/Users/qubeck/Documents/Development/ProjektyVitis/TangerineZ7_20/shell_system/Debug/system.bif
TRACE::2025-02-04.23:11:01::SCWBifWriter::Writing the Zynq Baremetal bif 
TRACE::2025-02-05.08:49:13::SCWBifWriter::Found the complete platform C:/Users/qubeck/Documents/Development/ProjektyVitis/TangerineZ7_20/tangerineZ7_20_wrapper/export/tangerineZ7_20_wrapper/tangerineZ7_20_wrapper.xpfm
TRACE::2025-02-05.08:49:13::SCWBifWriter::hardware databse : tangerineZ7_20_wrapper_0
TRACE::2025-02-05.08:49:13::SCWBifWriter::bitstream found in the design
TRACE::2025-02-05.08:49:13::SCWBifWriter::Found a baremetal domain, proc: ps7_cortexa9_0
TRACE::2025-02-05.08:49:13::SCWBifWriter::proc type : 
TRACE::2025-02-05.08:49:13::SCWBifWriter::proc[0] : ps7_cortexa9_0
TRACE::2025-02-05.08:49:13::SCWBifWriter::Device type is : zynq
TRACE::2025-02-05.08:49:13::SCWBifWriter::Writing BIF to file : C:/Users/qubeck/Documents/Development/ProjektyVitis/TangerineZ7_20/shell_system/Debug/system.bif
TRACE::2025-02-05.08:49:13::SCWBifWriter::Writing the Zynq Baremetal bif 
TRACE::2025-02-05.19:38:21::SCWBifWriter::Found the complete platform C:/Users/qubeck/Documents/Development/ProjektyVitis/TangerineZ7_20/tangerineZ7_20_wrapper/export/tangerineZ7_20_wrapper/tangerineZ7_20_wrapper.xpfm
TRACE::2025-02-05.19:38:21::SCWBifWriter::hardware databse : tangerineZ7_20_wrapper_0
TRACE::2025-02-05.19:38:21::SCWBifWriter::bitstream found in the design
TRACE::2025-02-05.19:38:21::SCWBifWriter::Found a baremetal domain, proc: ps7_cortexa9_0
TRACE::2025-02-05.19:38:21::SCWBifWriter::proc type : 
TRACE::2025-02-05.19:38:21::SCWBifWriter::proc[0] : ps7_cortexa9_0
TRACE::2025-02-05.19:38:21::SCWBifWriter::Device type is : zynq
TRACE::2025-02-05.19:38:21::SCWBifWriter::Writing BIF to file : C:/Users/qubeck/Documents/Development/ProjektyVitis/TangerineZ7_20/shell_system/Debug/system.bif
TRACE::2025-02-05.19:38:21::SCWBifWriter::Writing the Zynq Baremetal bif 
TRACE::2025-02-05.21:52:22::SCWBifWriter::Found the complete platform C:/Users/qubeck/Documents/Development/ProjektyVitis/TangerineZ7_20/tangerineZ7_20_wrapper/export/tangerineZ7_20_wrapper/tangerineZ7_20_wrapper.xpfm
TRACE::2025-02-05.21:52:22::SCWBifWriter::hardware databse : tangerineZ7_20_wrapper_0
TRACE::2025-02-05.21:52:22::SCWBifWriter::bitstream found in the design
TRACE::2025-02-05.21:52:22::SCWBifWriter::Found a baremetal domain, proc: ps7_cortexa9_0
TRACE::2025-02-05.21:52:22::SCWBifWriter::proc type : 
TRACE::2025-02-05.21:52:22::SCWBifWriter::proc[0] : ps7_cortexa9_0
TRACE::2025-02-05.21:52:22::SCWBifWriter::Device type is : zynq
TRACE::2025-02-05.21:52:22::SCWBifWriter::Writing BIF to file : C:/Users/qubeck/Documents/Development/ProjektyVitis/TangerineZ7_20/shell_system/Debug/system.bif
TRACE::2025-02-05.21:52:22::SCWBifWriter::Writing the Zynq Baremetal bif 
TRACE::2025-02-06.09:22:06::SCWBifWriter::Found the complete platform C:/Users/qubeck/Documents/Development/ProjektyVitis/TangerineZ7_20/tangerineZ7_20_wrapper/export/tangerineZ7_20_wrapper/tangerineZ7_20_wrapper.xpfm
TRACE::2025-02-06.09:22:06::SCWBifWriter::hardware databse : tangerineZ7_20_wrapper
TRACE::2025-02-06.09:22:06::SCWBifWriter::bitstream found in the design
TRACE::2025-02-06.09:22:06::SCWBifWriter::Found a baremetal domain, proc: ps7_cortexa9_0
TRACE::2025-02-06.09:22:06::SCWBifWriter::proc type : 
TRACE::2025-02-06.09:22:06::SCWBifWriter::proc[0] : ps7_cortexa9_0
TRACE::2025-02-06.09:22:06::SCWBifWriter::Device type is : zynq
TRACE::2025-02-06.09:22:06::SCWBifWriter::Writing BIF to file : C:/Users/qubeck/Documents/Development/ProjektyVitis/TangerineZ7_20/shell_system/Debug/system.bif
TRACE::2025-02-06.09:22:06::SCWBifWriter::Writing the Zynq Baremetal bif 
TRACE::2025-02-07.17:54:53::SCWBifWriter::Found the complete platform C:/Users/qubeck/Documents/Development/ProjektyVitis/TangerineZ7_20/tangerineZ7_20_wrapper/export/tangerineZ7_20_wrapper/tangerineZ7_20_wrapper.xpfm
TRACE::2025-02-07.17:54:53::SCWBifWriter::hardware databse : tangerineZ7_20_wrapper_0
TRACE::2025-02-07.17:54:53::SCWBifWriter::bitstream found in the design
TRACE::2025-02-07.17:54:53::SCWBifWriter::Found a baremetal domain, proc: ps7_cortexa9_0
TRACE::2025-02-07.17:54:53::SCWBifWriter::proc type : 
TRACE::2025-02-07.17:54:53::SCWBifWriter::proc[0] : ps7_cortexa9_0
TRACE::2025-02-07.17:54:53::SCWBifWriter::Device type is : zynq
TRACE::2025-02-07.17:54:53::SCWBifWriter::Writing BIF to file : C:/Users/qubeck/Documents/Development/ProjektyVitis/TangerineZ7_20/shell_system/Debug/system.bif
TRACE::2025-02-07.17:54:53::SCWBifWriter::Writing the Zynq Baremetal bif 
