TRACE::2025-02-05.08:49:18::SCWBifWriter::Found the complete platform C:/Users/qubeck/Documents/Development/ProjektyVitis/TangerineZ7_20/tangerineZ7_20_wrapper/export/tangerineZ7_20_wrapper/tangerineZ7_20_wrapper.xpfm
TRACE::2025-02-05.08:49:18::SCWBifWriter::hardware databse : tangerineZ7_20_wrapper_0
TRACE::2025-02-05.08:49:18::SCWBifWriter::bitstream found in the design
TRACE::2025-02-05.08:49:18::SCWBifWriter::Found a baremetal domain, proc: ps7_cortexa9_0
TRACE::2025-02-05.08:49:18::SCWBifWriter::proc type : 
TRACE::2025-02-05.08:49:18::SCWBifWriter::proc[0] : ps7_cortexa9_0
TRACE::2025-02-05.08:49:18::SCWBifWriter::Device type is : zynq
TRACE::2025-02-05.08:49:18::SCWBifWriter::Writing BIF to file : C:/Users/qubeck/Documents/Development/ProjektyVitis/TangerineZ7_20/mp3Player_system/Debug/system.bif
TRACE::2025-02-05.08:49:18::SCWBifWriter::Writing the Zynq Baremetal bif 
TRACE::2025-02-05.09:20:02::SCWBifWriter::Found the complete platform C:/Users/qubeck/Documents/Development/ProjektyVitis/TangerineZ7_20/tangerineZ7_20_wrapper/export/tangerineZ7_20_wrapper/tangerineZ7_20_wrapper.xpfm
TRACE::2025-02-05.09:20:02::SCWBifWriter::hardware databse : tangerineZ7_20_wrapper_0
TRACE::2025-02-05.09:20:02::SCWBifWriter::bitstream found in the design
TRACE::2025-02-05.09:20:02::SCWBifWriter::Found a baremetal domain, proc: ps7_cortexa9_0
TRACE::2025-02-05.09:20:02::SCWBifWriter::proc type : 
TRACE::2025-02-05.09:20:02::SCWBifWriter::proc[0] : ps7_cortexa9_0
TRACE::2025-02-05.09:20:02::SCWBifWriter::Device type is : zynq
TRACE::2025-02-05.09:20:02::SCWBifWriter::Writing BIF to file : C:/Users/qubeck/Documents/Development/ProjektyVitis/TangerineZ7_20/mp3Player_system/Debug/system.bif
TRACE::2025-02-05.09:20:02::SCWBifWriter::Writing the Zynq Baremetal bif 
TRACE::2025-02-05.09:36:42::SCWBifWriter::Found the complete platform C:/Users/qubeck/Documents/Development/ProjektyVitis/TangerineZ7_20/tangerineZ7_20_wrapper/export/tangerineZ7_20_wrapper/tangerineZ7_20_wrapper.xpfm
TRACE::2025-02-05.09:36:42::SCWBifWriter::hardware databse : tangerineZ7_20_wrapper_0
TRACE::2025-02-05.09:36:42::SCWBifWriter::bitstream found in the design
TRACE::2025-02-05.09:36:42::SCWBifWriter::Found a baremetal domain, proc: ps7_cortexa9_0
TRACE::2025-02-05.09:36:42::SCWBifWriter::proc type : 
TRACE::2025-02-05.09:36:42::SCWBifWriter::proc[0] : ps7_cortexa9_0
TRACE::2025-02-05.09:36:42::SCWBifWriter::Device type is : zynq
TRACE::2025-02-05.09:36:42::SCWBifWriter::Writing BIF to file : C:/Users/qubeck/Documents/Development/ProjektyVitis/TangerineZ7_20/mp3Player_system/Debug/system.bif
TRACE::2025-02-05.09:36:42::SCWBifWriter::Writing the Zynq Baremetal bif 
TRACE::2025-02-05.21:52:33::SCWBifWriter::Found the complete platform C:/Users/qubeck/Documents/Development/ProjektyVitis/TangerineZ7_20/tangerineZ7_20_wrapper/export/tangerineZ7_20_wrapper/tangerineZ7_20_wrapper.xpfm
TRACE::2025-02-05.21:52:33::SCWBifWriter::hardware databse : tangerineZ7_20_wrapper_0
TRACE::2025-02-05.21:52:33::SCWBifWriter::bitstream found in the design
TRACE::2025-02-05.21:52:33::SCWBifWriter::Found a baremetal domain, proc: ps7_cortexa9_0
TRACE::2025-02-05.21:52:33::SCWBifWriter::proc type : 
TRACE::2025-02-05.21:52:33::SCWBifWriter::proc[0] : ps7_cortexa9_0
TRACE::2025-02-05.21:52:33::SCWBifWriter::Device type is : zynq
TRACE::2025-02-05.21:52:33::SCWBifWriter::Writing BIF to file : C:/Users/qubeck/Documents/Development/ProjektyVitis/TangerineZ7_20/mp3Player_system/Debug/system.bif
TRACE::2025-02-05.21:52:33::SCWBifWriter::Writing the Zynq Baremetal bif 
