TRACE::2025-02-04.23:15:31::SCWBifWriter::Found the complete platform C:/Users/qubeck/Documents/Development/ProjektyVitis/TangerineZ7_20/tangerineZ7_20_wrapper/export/tangerineZ7_20_wrapper/tangerineZ7_20_wrapper.xpfm
TRACE::2025-02-04.23:15:31::SCWBifWriter::hardware databse : tangerineZ7_20_wrapper_3
TRACE::2025-02-04.23:15:31::SCWBifWriter::bitstream found in the design
TRACE::2025-02-04.23:15:31::SCWBifWriter::Found a baremetal domain, proc: ps7_cortexa9_0
TRACE::2025-02-04.23:15:31::SCWBifWriter::proc type : 
TRACE::2025-02-04.23:15:31::SCWBifWriter::proc[0] : ps7_cortexa9_0
TRACE::2025-02-04.23:15:31::SCWBifWriter::Device type is : zynq
TRACE::2025-02-04.23:15:31::SCWBifWriter::Writing BIF to file : C:/Users/qubeck/Documents/Development/ProjektyVitis/TangerineZ7_20/fractal_system/Debug/system.bif
TRACE::2025-02-04.23:15:31::SCWBifWriter::Writing the Zynq Baremetal bif 
TRACE::2025-02-05.08:49:03::SCWBifWriter::Found the complete platform C:/Users/qubeck/Documents/Development/ProjektyVitis/TangerineZ7_20/tangerineZ7_20_wrapper/export/tangerineZ7_20_wrapper/tangerineZ7_20_wrapper.xpfm
TRACE::2025-02-05.08:49:03::SCWBifWriter::hardware databse : tangerineZ7_20_wrapper_0
TRACE::2025-02-05.08:49:03::SCWBifWriter::bitstream found in the design
TRACE::2025-02-05.08:49:03::SCWBifWriter::Found a baremetal domain, proc: ps7_cortexa9_0
TRACE::2025-02-05.08:49:03::SCWBifWriter::proc type : 
TRACE::2025-02-05.08:49:03::SCWBifWriter::proc[0] : ps7_cortexa9_0
TRACE::2025-02-05.08:49:03::SCWBifWriter::Device type is : zynq
TRACE::2025-02-05.08:49:03::SCWBifWriter::Writing BIF to file : C:/Users/qubeck/Documents/Development/ProjektyVitis/TangerineZ7_20/fractal_system/Debug/system.bif
TRACE::2025-02-05.08:49:03::SCWBifWriter::Writing the Zynq Baremetal bif 
TRACE::2025-02-05.21:52:13::SCWBifWriter::Found the complete platform C:/Users/qubeck/Documents/Development/ProjektyVitis/TangerineZ7_20/tangerineZ7_20_wrapper/export/tangerineZ7_20_wrapper/tangerineZ7_20_wrapper.xpfm
TRACE::2025-02-05.21:52:13::SCWBifWriter::hardware databse : tangerineZ7_20_wrapper_0
TRACE::2025-02-05.21:52:13::SCWBifWriter::bitstream found in the design
TRACE::2025-02-05.21:52:13::SCWBifWriter::Found a baremetal domain, proc: ps7_cortexa9_0
TRACE::2025-02-05.21:52:13::SCWBifWriter::proc type : 
TRACE::2025-02-05.21:52:13::SCWBifWriter::proc[0] : ps7_cortexa9_0
TRACE::2025-02-05.21:52:13::SCWBifWriter::Device type is : zynq
TRACE::2025-02-05.21:52:13::SCWBifWriter::Writing BIF to file : C:/Users/qubeck/Documents/Development/ProjektyVitis/TangerineZ7_20/fractal_system/Debug/system.bif
TRACE::2025-02-05.21:52:13::SCWBifWriter::Writing the Zynq Baremetal bif 
