TRACE::2025-02-04.23:05:41::SCWBifWriter::Found the complete platform C:/Users/qubeck/Documents/Development/ProjektyVitis/TangerineZ7_20/tangerineZ7_20_wrapper/export/tangerineZ7_20_wrapper/tangerineZ7_20_wrapper.xpfm
TRACE::2025-02-04.23:05:41::SCWBifWriter::hardware databse : tangerineZ7_20_wrapper_3
TRACE::2025-02-04.23:05:41::SCWBifWriter::bitstream found in the design
TRACE::2025-02-04.23:05:41::SCWBifWriter::Found a baremetal domain, proc: ps7_cortexa9_0
TRACE::2025-02-04.23:05:41::SCWBifWriter::proc type : 
TRACE::2025-02-04.23:05:41::SCWBifWriter::proc[0] : ps7_cortexa9_0
TRACE::2025-02-04.23:05:41::SCWBifWriter::Device type is : zynq
TRACE::2025-02-04.23:05:41::SCWBifWriter::Writing BIF to file : C:/Users/qubeck/Documents/Development/ProjektyVitis/TangerineZ7_20/commanche_system/Debug/system.bif
TRACE::2025-02-04.23:05:41::SCWBifWriter::Writing the Zynq Baremetal bif 
TRACE::2025-02-05.08:49:08::SCWBifWriter::Found the complete platform C:/Users/qubeck/Documents/Development/ProjektyVitis/TangerineZ7_20/tangerineZ7_20_wrapper/export/tangerineZ7_20_wrapper/tangerineZ7_20_wrapper.xpfm
TRACE::2025-02-05.08:49:08::SCWBifWriter::hardware databse : tangerineZ7_20_wrapper_0
TRACE::2025-02-05.08:49:08::SCWBifWriter::bitstream found in the design
TRACE::2025-02-05.08:49:08::SCWBifWriter::Found a baremetal domain, proc: ps7_cortexa9_0
TRACE::2025-02-05.08:49:08::SCWBifWriter::proc type : 
TRACE::2025-02-05.08:49:08::SCWBifWriter::proc[0] : ps7_cortexa9_0
TRACE::2025-02-05.08:49:08::SCWBifWriter::Device type is : zynq
TRACE::2025-02-05.08:49:08::SCWBifWriter::Writing BIF to file : C:/Users/qubeck/Documents/Development/ProjektyVitis/TangerineZ7_20/commanche_system/Debug/system.bif
TRACE::2025-02-05.08:49:08::SCWBifWriter::Writing the Zynq Baremetal bif 
TRACE::2025-02-05.21:52:18::SCWBifWriter::Found the complete platform C:/Users/qubeck/Documents/Development/ProjektyVitis/TangerineZ7_20/tangerineZ7_20_wrapper/export/tangerineZ7_20_wrapper/tangerineZ7_20_wrapper.xpfm
TRACE::2025-02-05.21:52:18::SCWBifWriter::hardware databse : tangerineZ7_20_wrapper_0
TRACE::2025-02-05.21:52:18::SCWBifWriter::bitstream found in the design
TRACE::2025-02-05.21:52:18::SCWBifWriter::Found a baremetal domain, proc: ps7_cortexa9_0
TRACE::2025-02-05.21:52:18::SCWBifWriter::proc type : 
TRACE::2025-02-05.21:52:18::SCWBifWriter::proc[0] : ps7_cortexa9_0
TRACE::2025-02-05.21:52:18::SCWBifWriter::Device type is : zynq
TRACE::2025-02-05.21:52:18::SCWBifWriter::Writing BIF to file : C:/Users/qubeck/Documents/Development/ProjektyVitis/TangerineZ7_20/commanche_system/Debug/system.bif
TRACE::2025-02-05.21:52:18::SCWBifWriter::Writing the Zynq Baremetal bif 
