TRACE::2025-02-04.23:24:10::SCWBifWriter::Found the complete platform C:/Users/qubeck/Documents/Development/ProjektyVitis/TangerineZ7_20/tangerineZ7_20_wrapper/export/tangerineZ7_20_wrapper/tangerineZ7_20_wrapper.xpfm
TRACE::2025-02-04.23:24:10::SCWBifWriter::hardware databse : tangerineZ7_20_wrapper_3
TRACE::2025-02-04.23:24:10::SCWBifWriter::bitstream found in the design
TRACE::2025-02-04.23:24:10::SCWBifWriter::Found a baremetal domain, proc: ps7_cortexa9_0
TRACE::2025-02-04.23:24:10::SCWBifWriter::proc type : 
TRACE::2025-02-04.23:24:10::SCWBifWriter::proc[0] : ps7_cortexa9_0
TRACE::2025-02-04.23:24:10::SCWBifWriter::Device type is : zynq
TRACE::2025-02-04.23:24:10::SCWBifWriter::Writing BIF to file : C:/Users/qubeck/Documents/Development/ProjektyVitis/TangerineZ7_20/slideshow_system/Debug/system.bif
TRACE::2025-02-04.23:24:10::SCWBifWriter::Writing the Zynq Baremetal bif 
TRACE::2025-02-05.08:48:54::SCWBifWriter::Found the complete platform C:/Users/qubeck/Documents/Development/ProjektyVitis/TangerineZ7_20/tangerineZ7_20_wrapper/export/tangerineZ7_20_wrapper/tangerineZ7_20_wrapper.xpfm
TRACE::2025-02-05.08:48:54::SCWBifWriter::hardware databse : tangerineZ7_20_wrapper_0
TRACE::2025-02-05.08:48:54::SCWBifWriter::bitstream found in the design
TRACE::2025-02-05.08:48:54::SCWBifWriter::Found a baremetal domain, proc: ps7_cortexa9_0
TRACE::2025-02-05.08:48:54::SCWBifWriter::proc type : 
TRACE::2025-02-05.08:48:54::SCWBifWriter::proc[0] : ps7_cortexa9_0
TRACE::2025-02-05.08:48:54::SCWBifWriter::Device type is : zynq
TRACE::2025-02-05.08:48:54::SCWBifWriter::Writing BIF to file : C:/Users/qubeck/Documents/Development/ProjektyVitis/TangerineZ7_20/slideshow_system/Debug/system.bif
TRACE::2025-02-05.08:48:54::SCWBifWriter::Writing the Zynq Baremetal bif 
TRACE::2025-02-05.21:52:08::SCWBifWriter::Found the complete platform C:/Users/qubeck/Documents/Development/ProjektyVitis/TangerineZ7_20/tangerineZ7_20_wrapper/export/tangerineZ7_20_wrapper/tangerineZ7_20_wrapper.xpfm
TRACE::2025-02-05.21:52:08::SCWBifWriter::hardware databse : tangerineZ7_20_wrapper_0
TRACE::2025-02-05.21:52:08::SCWBifWriter::bitstream found in the design
TRACE::2025-02-05.21:52:08::SCWBifWriter::Found a baremetal domain, proc: ps7_cortexa9_0
TRACE::2025-02-05.21:52:08::SCWBifWriter::proc type : 
TRACE::2025-02-05.21:52:08::SCWBifWriter::proc[0] : ps7_cortexa9_0
TRACE::2025-02-05.21:52:08::SCWBifWriter::Device type is : zynq
TRACE::2025-02-05.21:52:08::SCWBifWriter::Writing BIF to file : C:/Users/qubeck/Documents/Development/ProjektyVitis/TangerineZ7_20/slideshow_system/Debug/system.bif
TRACE::2025-02-05.21:52:08::SCWBifWriter::Writing the Zynq Baremetal bif 
TRACE::2025-02-09.10:13:33::SCWBifWriter::Found the complete platform C:/Users/qubeck/Documents/Development/ProjektyVitis/TangerineZ7_20/tangerineZ7_20_wrapper/export/tangerineZ7_20_wrapper/tangerineZ7_20_wrapper.xpfm
TRACE::2025-02-09.10:13:33::SCWBifWriter::hardware databse : tangerineZ7_20_wrapper
TRACE::2025-02-09.10:13:33::SCWBifWriter::bitstream found in the design
TRACE::2025-02-09.10:13:33::SCWBifWriter::Found a baremetal domain, proc: ps7_cortexa9_0
TRACE::2025-02-09.10:13:33::SCWBifWriter::proc type : 
TRACE::2025-02-09.10:13:33::SCWBifWriter::proc[0] : ps7_cortexa9_0
TRACE::2025-02-09.10:13:33::SCWBifWriter::Device type is : zynq
TRACE::2025-02-09.10:13:33::SCWBifWriter::Writing BIF to file : C:/Users/qubeck/Documents/Development/ProjektyVitis/TangerineZ7_20/slideshow_system/Debug/system.bif
TRACE::2025-02-09.10:13:33::SCWBifWriter::Writing the Zynq Baremetal bif 
